<?xml version="1.0" encoding="UTF-8" ?>
<testsuite tests="4" failures="0" name="ar.edu.unlam.tallerweb1.controladores.ControladorEnviarAutoAMenteniminetoTest" time="0.052" errors="0" skipped="0">
  <properties>
    <property name="idea.version" value="2021.2.2"/>
    <property name="java.runtime.name" value="OpenJDK Runtime Environment"/>
    <property name="java.vm.version" value="11.0.12+7-post-Debian-2"/>
    <property name="sun.boot.library.path" value="/usr/lib/jvm/java-11-openjdk-amd64/lib"/>
    <property name="maven.multiModuleProjectDirectory" value="/home/ezequiel/IDEA-Proyects/proyectoAlquilerAutos"/>
    <property name="java.vm.vendor" value="Debian"/>
    <property name="java.vendor.url" value="https://tracker.debian.org/openjdk-11"/>
    <property name="guice.disable.misplaced.annotation.check" value="true"/>
    <property name="path.separator" value=":"/>
    <property name="java.vm.name" value="OpenJDK 64-Bit Server VM"/>
    <property name="sun.os.patch.level" value="unknown"/>
    <property name="user.country" value="AR"/>
    <property name="sun.java.launcher" value="SUN_STANDARD"/>
    <property name="java.vm.specification.name" value="Java Virtual Machine Specification"/>
    <property name="user.dir" value="/home/ezequiel/IDEA-Proyects/proyectoAlquilerAutos"/>
    <property name="java.vm.compressedOopsMode" value="32-bit"/>
    <property name="java.runtime.version" value="11.0.12+7-post-Debian-2"/>
    <property name="java.awt.graphicsenv" value="sun.awt.X11GraphicsEnvironment"/>
    <property name="os.arch" value="amd64"/>
    <property name="java.io.tmpdir" value="/tmp"/>
    <property name="line.separator" value="
"/>
    <property name="java.vm.specification.vendor" value="Oracle Corporation"/>
    <property name="os.name" value="Linux"/>
    <property name="maven.ext.class.path" value="/home/ezequiel/Applications/idea-IU-212.5284.40/plugins/maven/lib/maven-event-listener.jar"/>
    <property name="classworlds.conf" value="/home/ezequiel/Applications/idea-IU-212.5284.40/plugins/maven/lib/maven3/bin/m2.conf"/>
    <property name="sun.jnu.encoding" value="UTF-8"/>
    <property name="java.library.path" value="/usr/java/packages/lib:/usr/lib/x86_64-linux-gnu/jni:/lib/x86_64-linux-gnu:/usr/lib/x86_64-linux-gnu:/usr/lib/jni:/lib:/usr/lib"/>
    <property name="maven.conf" value="/home/ezequiel/Applications/idea-IU-212.5284.40/plugins/maven/lib/maven3/conf"/>
    <property name="jdk.debug" value="release"/>
    <property name="java.class.version" value="55.0"/>
    <property name="java.specification.name" value="Java Platform API Specification"/>
    <property name="sun.management.compiler" value="HotSpot 64-Bit Tiered Compilers"/>
    <property name="os.version" value="5.10.0-8-amd64"/>
    <property name="user.home" value="/home/ezequiel"/>
    <property name="user.timezone" value="America/Argentina/Buenos_Aires"/>
    <property name="java.awt.printerjob" value="sun.print.PSPrinterJob"/>
    <property name="file.encoding" value="UTF-8"/>
    <property name="java.specification.version" value="11"/>
    <property name="user.name" value="ezequiel"/>
    <property name="java.class.path" value="/home/ezequiel/Applications/idea-IU-212.5284.40/plugins/maven/lib/maven3/boot/plexus-classworlds-2.6.0.jar:/home/ezequiel/Applications/idea-IU-212.5284.40/plugins/maven/lib/maven3/boot/plexus-classworlds.license"/>
    <property name="java.vm.specification.version" value="11"/>
    <property name="sun.arch.data.model" value="64"/>
    <property name="sun.java.command" value="org.codehaus.classworlds.Launcher -Didea.version=2021.2.2 test"/>
    <property name="java.home" value="/usr/lib/jvm/java-11-openjdk-amd64"/>
    <property name="user.language" value="es"/>
    <property name="java.specification.vendor" value="Oracle Corporation"/>
    <property name="awt.toolkit" value="sun.awt.X11.XToolkit"/>
    <property name="java.vm.info" value="mixed mode, sharing"/>
    <property name="java.version" value="11.0.12"/>
    <property name="securerandom.source" value="file:/dev/./urandom"/>
    <property name="java.vendor" value="Debian"/>
    <property name="maven.home" value="/home/ezequiel/Applications/idea-IU-212.5284.40/plugins/maven/lib/maven3"/>
    <property name="file.separator" value="/"/>
    <property name="java.version.date" value="2021-07-20"/>
    <property name="java.vendor.url.bug" value="https://bugs.debian.org/openjdk-11"/>
    <property name="sun.io.unicode.encoding" value="UnicodeLittle"/>
    <property name="sun.cpu.endian" value="little"/>
    <property name="sun.desktop" value="gnome"/>
    <property name="sun.cpu.isalist" value=""/>
  </properties>
  <testcase classname="ar.edu.unlam.tallerweb1.controladores.ControladorEnviarAutoAMenteniminetoTest" name="cuandoUnAutoLlegaAUnKilometrajeDefinidoDebeSerEnviadoAMantenimientoCorrectamente" time="0.047"/>
  <testcase classname="ar.edu.unlam.tallerweb1.controladores.ControladorEnviarAutoAMenteniminetoTest" name="queUnUsuarioSinRolDeAdministradorNoPuedaEnviarUnaAutoAMantenimiento" time="0"/>
  <testcase classname="ar.edu.unlam.tallerweb1.controladores.ControladorEnviarAutoAMenteniminetoTest" name="queUnUsuarioConRolDeAdministradorPuedaEnviarUnAutoAMantenimiento" time="0"/>
  <testcase classname="ar.edu.unlam.tallerweb1.controladores.ControladorEnviarAutoAMenteniminetoTest" name="queNoSePuedaEnviarAlMismoAutoDosVecesAMantenimiento" time="0.005"/>
</testsuite>